<?xml version="1.0" encoding="UTF-8"?>
<testng-results skipped="0" failed="0" ignored="0" total="2" passed="2">
  <reporter-output>
  </reporter-output>
  <suite name="Default suite" duration-ms="6210" started-at="2022-08-05T14:37:11 IST" finished-at="2022-08-05T14:37:17 IST">
    <groups>
    </groups>
    <test name="Default test" duration-ms="6210" started-at="2022-08-05T14:37:11 IST" finished-at="2022-08-05T14:37:17 IST">
      <class name="spotify_OAuth.RequetresponseReusable">
        <test-method status="PASS" signature="CreatPlaylist()[pri:0, instance:spotify_OAuth.RequetresponseReusable@532721fd]" name="CreatPlaylist" duration-ms="5635" started-at="2022-08-05T14:37:11 IST" description="Create playList Test" finished-at="2022-08-05T14:37:17 IST">
          <reporter-output>
          </reporter-output>
        </test-method> <!-- CreatPlaylist -->
        <test-method status="PASS" signature="getplaylist()[pri:0, instance:spotify_OAuth.RequetresponseReusable@532721fd]" name="getplaylist" duration-ms="419" started-at="2022-08-05T14:37:17 IST" finished-at="2022-08-05T14:37:17 IST">
          <reporter-output>
          </reporter-output>
        </test-method> <!-- getplaylist -->
      </class> <!-- spotify_OAuth.RequetresponseReusable -->
    </test> <!-- Default test -->
  </suite> <!-- Default suite -->
</testng-results>
